[debug] [2021-03-23T11:24:37.485Z] ----------------------------------------------------------------------
[debug] [2021-03-23T11:24:37.487Z] Command:       C:\Program Files\nodejs\node.exe C:\Program Files\nodejs\node_modules\firebase-tools\lib\bin\firebase.js init
[debug] [2021-03-23T11:24:37.487Z] CLI Version:   9.6.1
[debug] [2021-03-23T11:24:37.487Z] Platform:      win32
[debug] [2021-03-23T11:24:37.487Z] Node Version:  v12.16.1
[debug] [2021-03-23T11:24:37.489Z] Time:          Tue Mar 23 2021 11:24:37 GMT+0000 (Greenwich Mean Time)
[debug] [2021-03-23T11:24:37.489Z] ----------------------------------------------------------------------
[debug] [2021-03-23T11:24:37.489Z] 
[debug] [2021-03-23T11:24:37.495Z] > command requires scopes: ["email","openid","https://www.googleapis.com/auth/cloudplatformprojects.readonly","https://www.googleapis.com/auth/firebase","https://www.googleapis.com/auth/cloud-platform"]
[debug] [2021-03-23T11:24:37.496Z] > authorizing via signed-in user
[info] 
     ######## #### ########  ######## ########     ###     ######  ########
     ##        ##  ##     ## ##       ##     ##  ##   ##  ##       ##
     ######    ##  ########  ######   ########  #########  ######  ######
     ##        ##  ##    ##  ##       ##     ## ##     ##       ## ##
     ##       #### ##     ## ######## ########  ##     ##  ######  ########

You're about to initialize a Firebase project in this directory:

  C:\Users\Rita\Desktop\art-gallery

Before we get started, keep in mind:

  * You are initializing in an existing Firebase project directory

[debug] [2021-03-23T11:24:54.771Z] ----------------------------------------------------------------------
[debug] [2021-03-23T11:24:54.772Z] Command:       C:\Program Files\nodejs\node.exe C:\Program Files\nodejs\node_modules\firebase-tools\lib\bin\firebase.js init
[debug] [2021-03-23T11:24:54.773Z] CLI Version:   9.6.1
[debug] [2021-03-23T11:24:54.773Z] Platform:      win32
[debug] [2021-03-23T11:24:54.773Z] Node Version:  v12.16.1
[debug] [2021-03-23T11:24:54.774Z] Time:          Tue Mar 23 2021 11:24:54 GMT+0000 (Greenwich Mean Time)
[debug] [2021-03-23T11:24:54.774Z] ----------------------------------------------------------------------
[debug] [2021-03-23T11:24:54.774Z] 
[debug] [2021-03-23T11:24:54.782Z] > command requires scopes: ["email","openid","https://www.googleapis.com/auth/cloudplatformprojects.readonly","https://www.googleapis.com/auth/firebase","https://www.googleapis.com/auth/cloud-platform"]
[debug] [2021-03-23T11:24:54.783Z] > authorizing via signed-in user
[info] 
     ######## #### ########  ######## ########     ###     ######  ########
     ##        ##  ##     ## ##       ##     ##  ##   ##  ##       ##
     ######    ##  ########  ######   ########  #########  ######  ######
     ##        ##  ##    ##  ##       ##     ## ##     ##       ## ##
     ##       #### ##     ## ######## ########  ##     ##  ######  ########

You're about to initialize a Firebase project in this directory:

  C:\Users\Rita\Desktop\art-gallery

Before we get started, keep in mind:

  * You are initializing in an existing Firebase project directory

[info] 
=== Project Setup
[info] 
[info] First, let's associate this project directory with a Firebase project.
[info] You can create multiple project aliases by running firebase use --add, 
[info] but for now we'll just set up a default project.
[info] 
[info] i  .firebaserc already has a default project, using art-gallery-1cb34. 
[debug] [2021-03-23T11:25:00.133Z] > refreshing access token with scopes: []
[debug] [2021-03-23T11:25:00.133Z] >>> HTTP REQUEST POST https://www.googleapis.com/oauth2/v3/token  
 <request body omitted>
[debug] [2021-03-23T11:25:00.268Z] <<< HTTP RESPONSE 200 {"pragma":"no-cache","expires":"Mon, 01 Jan 1990 00:00:00 GMT","date":"Tue, 23 Mar 2021 11:24:59 GMT","cache-control":"no-cache, no-store, max-age=0, must-revalidate","content-type":"application/json; charset=utf-8","vary":"X-Origin, Referer, Origin,Accept-Encoding","server":"scaffolding on HTTPServer2","x-xss-protection":"0","x-frame-options":"SAMEORIGIN","x-content-type-options":"nosniff","alt-svc":"h3-29=\":443\"; ma=2592000,h3-T051=\":443\"; ma=2592000,h3-Q050=\":443\"; ma=2592000,h3-Q046=\":443\"; ma=2592000,h3-Q043=\":443\"; ma=2592000,quic=\":443\"; ma=2592000; v=\"46,43\"","accept-ranges":"none","transfer-encoding":"chunked"}
[debug] [2021-03-23T11:25:00.281Z] >>> [apiv2][query] GET https://firebase.googleapis.com/v1beta1/projects/art-gallery-1cb34 [none]
[debug] [2021-03-23T11:25:00.554Z] <<< [apiv2][status] GET https://firebase.googleapis.com/v1beta1/projects/art-gallery-1cb34 403
[debug] [2021-03-23T11:25:00.554Z] <<< [apiv2][body] GET https://firebase.googleapis.com/v1beta1/projects/art-gallery-1cb34 {"error":{"code":403,"message":"The caller does not have permission","status":"PERMISSION_DENIED"}}
[debug] [2021-03-23T11:25:00.555Z] HTTP Error: 403, The caller does not have permission
[debug] [2021-03-23T11:25:00.651Z] FirebaseError: HTTP Error: 403, The caller does not have permission
    at module.exports (C:\Program Files\nodejs\node_modules\firebase-tools\lib\responseToError.js:38:12)
    at Client.doRequest (C:\Program Files\nodejs\node_modules\firebase-tools\lib\apiv2.js:238:23)
    at processTicksAndRejections (internal/process/task_queues.js:97:5)
    at async Client.request (C:\Program Files\nodejs\node_modules\firebase-tools\lib\apiv2.js:96:20)
    at async Object.getFirebaseProject (C:\Program Files\nodejs\node_modules\firebase-tools\lib\management\projects.js:289:21)
    at async Object.doSetup [as project] (C:\Program Files\nodejs\node_modules\firebase-tools\lib\init\features\project.js:77:27)
    at async init (C:\Program Files\nodejs\node_modules\firebase-tools\lib\init\index.js:19:9)
[error] 
[error] Error: Failed to get Firebase project art-gallery-1cb34. Please make sure the project exists and your account has permission to access it.
