[debug] [2021-04-25T20:38:19.070Z] ----------------------------------------------------------------------
[debug] [2021-04-25T20:38:19.072Z] Command:       C:\Program Files\nodejs\node.exe C:\Program Files\nodejs\node_modules\firebase-tools\lib\bin\firebase.js deploy
[debug] [2021-04-25T20:38:19.072Z] CLI Version:   9.6.1
[debug] [2021-04-25T20:38:19.073Z] Platform:      win32
[debug] [2021-04-25T20:38:19.073Z] Node Version:  v12.16.1
[debug] [2021-04-25T20:38:19.080Z] Time:          Sun Apr 25 2021 21:38:19 GMT+0100 (British Summer Time)
[debug] [2021-04-25T20:38:19.081Z] ----------------------------------------------------------------------
[debug] [2021-04-25T20:38:19.081Z] 
[debug] [2021-04-25T20:38:19.089Z] > command requires scopes: ["email","openid","https://www.googleapis.com/auth/cloudplatformprojects.readonly","https://www.googleapis.com/auth/firebase","https://www.googleapis.com/auth/cloud-platform"]
[debug] [2021-04-25T20:38:19.090Z] > authorizing via signed-in user
[debug] [2021-04-25T20:38:19.090Z] [iam] checking project project-35f78 for permissions ["cloudfunctions.functions.create","cloudfunctions.functions.delete","cloudfunctions.functions.get","cloudfunctions.functions.list","cloudfunctions.functions.update","cloudfunctions.operations.get","firebase.projects.get","firebasedatabase.instances.update","firebasehosting.sites.update","firebaserules.releases.create","firebaserules.releases.update","firebaserules.rulesets.create"]
[debug] [2021-04-25T20:38:19.091Z] >>> HTTP REQUEST POST https://cloudresourcemanager.googleapis.com/v1/projects/project-35f78:testIamPermissions  
 {"permissions":["cloudfunctions.functions.create","cloudfunctions.functions.delete","cloudfunctions.functions.get","cloudfunctions.functions.list","cloudfunctions.functions.update","cloudfunctions.operations.get","firebase.projects.get","firebasedatabase.instances.update","firebasehosting.sites.update","firebaserules.releases.create","firebaserules.releases.update","firebaserules.rulesets.create"]}
[debug] [2021-04-25T20:38:19.806Z] <<< HTTP RESPONSE 200 {"content-type":"application/json; charset=UTF-8","vary":"X-Origin, Referer, Origin,Accept-Encoding","date":"Sun, 25 Apr 2021 20:38:19 GMT","server":"ESF","cache-control":"private","x-xss-protection":"0","x-frame-options":"SAMEORIGIN","x-content-type-options":"nosniff","server-timing":"gfet4t7; dur=541","alt-svc":"h3-29=\":443\"; ma=2592000,h3-T051=\":443\"; ma=2592000,h3-Q050=\":443\"; ma=2592000,h3-Q046=\":443\"; ma=2592000,h3-Q043=\":443\"; ma=2592000,quic=\":443\"; ma=2592000; v=\"46,43\"","accept-ranges":"none","transfer-encoding":"chunked"}
[debug] [2021-04-25T20:38:19.808Z] >>> HTTP REQUEST POST https://iam.googleapis.com/v1/projects/project-35f78/serviceAccounts/project-35f78@appspot.gserviceaccount.com:testIamPermissions  
 {"permissions":["iam.serviceAccounts.actAs"]}
[debug] [2021-04-25T20:38:20.413Z] <<< HTTP RESPONSE 200 {"content-type":"application/json; charset=UTF-8","vary":"X-Origin, Referer, Origin,Accept-Encoding","date":"Sun, 25 Apr 2021 20:38:19 GMT","server":"ESF","cache-control":"private","x-xss-protection":"0","x-frame-options":"SAMEORIGIN","x-content-type-options":"nosniff","alt-svc":"h3-29=\":443\"; ma=2592000,h3-T051=\":443\"; ma=2592000,h3-Q050=\":443\"; ma=2592000,h3-Q046=\":443\"; ma=2592000,h3-Q043=\":443\"; ma=2592000,quic=\":443\"; ma=2592000; v=\"46,43\"","accept-ranges":"none","transfer-encoding":"chunked"}
[debug] [2021-04-25T20:38:20.417Z] > refreshing access token with scopes: []
[debug] [2021-04-25T20:38:20.417Z] >>> HTTP REQUEST POST https://www.googleapis.com/oauth2/v3/token  
 <request body omitted>
[debug] [2021-04-25T20:38:20.521Z] <<< HTTP RESPONSE 200 {"pragma":"no-cache","date":"Sun, 25 Apr 2021 20:38:19 GMT","expires":"Mon, 01 Jan 1990 00:00:00 GMT","cache-control":"no-cache, no-store, max-age=0, must-revalidate","content-type":"application/json; charset=utf-8","vary":"X-Origin, Referer, Origin,Accept-Encoding","server":"scaffolding on HTTPServer2","x-xss-protection":"0","x-frame-options":"SAMEORIGIN","x-content-type-options":"nosniff","alt-svc":"h3-29=\":443\"; ma=2592000,h3-T051=\":443\"; ma=2592000,h3-Q050=\":443\"; ma=2592000,h3-Q046=\":443\"; ma=2592000,h3-Q043=\":443\"; ma=2592000,quic=\":443\"; ma=2592000; v=\"46,43\"","accept-ranges":"none","transfer-encoding":"chunked"}
[debug] [2021-04-25T20:38:20.533Z] >>> [apiv2][query] GET https://firebase.googleapis.com/v1beta1/projects/project-35f78 [none]
[debug] [2021-04-25T20:38:20.715Z] <<< [apiv2][status] GET https://firebase.googleapis.com/v1beta1/projects/project-35f78 200
[debug] [2021-04-25T20:38:20.715Z] <<< [apiv2][body] GET https://firebase.googleapis.com/v1beta1/projects/project-35f78 {"projectId":"project-35f78","projectNumber":"374116051238","displayName":"project","name":"projects/project-35f78","resources":{"hostingSite":"project-35f78","realtimeDatabaseInstance":"project-35f78-default-rtdb","storageBucket":"project-35f78.appspot.com","locationId":"europe-west"},"state":"ACTIVE"}
[debug] [2021-04-25T20:38:20.716Z] >>> [apiv2][query] GET https://firebase.googleapis.com/v1beta1/projects/project-35f78 [none]
[debug] [2021-04-25T20:38:20.919Z] <<< [apiv2][status] GET https://firebase.googleapis.com/v1beta1/projects/project-35f78 200
[debug] [2021-04-25T20:38:20.919Z] <<< [apiv2][body] GET https://firebase.googleapis.com/v1beta1/projects/project-35f78 {"projectId":"project-35f78","projectNumber":"374116051238","displayName":"project","name":"projects/project-35f78","resources":{"hostingSite":"project-35f78","realtimeDatabaseInstance":"project-35f78-default-rtdb","storageBucket":"project-35f78.appspot.com","locationId":"europe-west"},"state":"ACTIVE"}
[warn] !  functions: package.json indicates an outdated version of firebase-functions.
Please upgrade using npm install --save firebase-functions@latest in your functions directory. 
[info] 
[info] === Deploying to 'project-35f78'...
[info] 
[info] i  deploying database, storage, functions, hosting 
[info] i  database: checking rules syntax... 
[debug] [2021-04-25T20:38:24.067Z] > refreshing access token with scopes: ["email","https://www.googleapis.com/auth/cloud-platform","https://www.googleapis.com/auth/cloudplatformprojects.readonly","https://www.googleapis.com/auth/firebase","openid"]
[debug] [2021-04-25T20:38:24.067Z] >>> HTTP REQUEST POST https://www.googleapis.com/oauth2/v3/token  
 <request body omitted>
[debug] [2021-04-25T20:38:24.169Z] <<< HTTP RESPONSE 200 {"expires":"Mon, 01 Jan 1990 00:00:00 GMT","pragma":"no-cache","cache-control":"no-cache, no-store, max-age=0, must-revalidate","date":"Sun, 25 Apr 2021 20:38:23 GMT","content-type":"application/json; charset=utf-8","vary":"X-Origin, Referer, Origin,Accept-Encoding","server":"scaffolding on HTTPServer2","x-xss-protection":"0","x-frame-options":"SAMEORIGIN","x-content-type-options":"nosniff","alt-svc":"h3-29=\":443\"; ma=2592000,h3-T051=\":443\"; ma=2592000,h3-Q050=\":443\"; ma=2592000,h3-Q046=\":443\"; ma=2592000,h3-Q043=\":443\"; ma=2592000,quic=\":443\"; ma=2592000; v=\"46,43\"","accept-ranges":"none","transfer-encoding":"chunked"}
[debug] [2021-04-25T20:38:24.176Z] >>> HTTP REQUEST GET https://firebasedatabase.googleapis.com/v1beta/projects/project-35f78/locations/-/instances/project-35f78-default-rtdb  
 
[debug] [2021-04-25T20:38:24.483Z] <<< HTTP RESPONSE 200 {"content-type":"application/json; charset=UTF-8","vary":"X-Origin, Referer, Origin,Accept-Encoding","date":"Sun, 25 Apr 2021 20:38:23 GMT","server":"ESF","cache-control":"private","x-xss-protection":"0","x-frame-options":"SAMEORIGIN","x-content-type-options":"nosniff","alt-svc":"h3-29=\":443\"; ma=2592000,h3-T051=\":443\"; ma=2592000,h3-Q050=\":443\"; ma=2592000,h3-Q046=\":443\"; ma=2592000,h3-Q043=\":443\"; ma=2592000,quic=\":443\"; ma=2592000; v=\"46,43\"","accept-ranges":"none","transfer-encoding":"chunked"}
[debug] [2021-04-25T20:38:24.485Z] >>> HTTP REQUEST PUT https://project-35f78-default-rtdb.europe-west1.firebasedatabase.app/.settings/rules.json?dryRun=true  
 {
  "rules": {
    ".read": false,
    ".write": false
  }
}

[debug] [2021-04-25T20:38:24.773Z] <<< HTTP RESPONSE 200 {"server":"nginx","date":"Sun, 25 Apr 2021 20:38:24 GMT","content-type":"application/json; charset=utf-8","content-length":"15","connection":"keep-alive","access-control-allow-origin":"*","cache-control":"no-cache","strict-transport-security":"max-age=31556926; includeSubDomains; preload"}
[info] +  database: rules syntax for database project-35f78-default-rtdb is valid 
[debug] [2021-04-25T20:38:24.776Z] >>> HTTP REQUEST GET https://appengine.googleapis.com/v1/apps/project-35f78  
 
[debug] [2021-04-25T20:38:24.952Z] <<< HTTP RESPONSE 200 {"content-type":"application/json; charset=UTF-8","vary":"X-Origin, Referer, Origin,Accept-Encoding","date":"Sun, 25 Apr 2021 20:38:24 GMT","server":"ESF","cache-control":"private","x-xss-protection":"0","x-frame-options":"SAMEORIGIN","x-content-type-options":"nosniff","alt-svc":"h3-29=\":443\"; ma=2592000,h3-T051=\":443\"; ma=2592000,h3-Q050=\":443\"; ma=2592000,h3-Q046=\":443\"; ma=2592000,h3-Q043=\":443\"; ma=2592000,quic=\":443\"; ma=2592000; v=\"46,43\"","accept-ranges":"none","transfer-encoding":"chunked"}
[info] i  firebase.storage: checking storage.rules for compilation errors... 
[debug] [2021-04-25T20:38:24.954Z] >>> HTTP REQUEST POST https://firebaserules.googleapis.com/v1/projects/project-35f78:test  
 {"source":{"files":[{"name":"storage.rules","content":"rules_version = '2';\nservice firebase.storage {\n  match /b/{bucket}/o {\n    match /{allPaths=**} {\n      allow read, write: if request.auth!=null;\n    }\n  }\n}\n"}]}}
[debug] [2021-04-25T20:38:25.220Z] <<< HTTP RESPONSE 200 {"content-type":"application/json; charset=UTF-8","vary":"X-Origin, Referer, Origin,Accept-Encoding","date":"Sun, 25 Apr 2021 20:38:24 GMT","server":"ESF","cache-control":"private","x-xss-protection":"0","x-frame-options":"SAMEORIGIN","x-content-type-options":"nosniff","alt-svc":"h3-29=\":443\"; ma=2592000,h3-T051=\":443\"; ma=2592000,h3-Q050=\":443\"; ma=2592000,h3-Q046=\":443\"; ma=2592000,h3-Q043=\":443\"; ma=2592000,quic=\":443\"; ma=2592000; v=\"46,43\"","accept-ranges":"none","transfer-encoding":"chunked"}
[info] +  firebase.storage: rules file storage.rules compiled successfully 
[info] i  functions: ensuring required API cloudfunctions.googleapis.com is enabled... 
[info] i  functions: ensuring required API cloudbuild.googleapis.com is enabled... 
[debug] [2021-04-25T20:38:26.805Z] >>> HTTP REQUEST GET https://serviceusage.googleapis.com/v1/projects/project-35f78/services/cloudfunctions.googleapis.com  
 
[debug] [2021-04-25T20:38:26.806Z] >>> HTTP REQUEST GET https://serviceusage.googleapis.com/v1/projects/project-35f78/services/runtimeconfig.googleapis.com  
 
[debug] [2021-04-25T20:38:26.806Z] >>> HTTP REQUEST GET https://serviceusage.googleapis.com/v1/projects/project-35f78/services/cloudbuild.googleapis.com  
 
[debug] [2021-04-25T20:38:27.694Z] <<< HTTP RESPONSE 200 {"content-type":"application/json; charset=UTF-8","vary":"X-Origin, Referer, Origin,Accept-Encoding","date":"Sun, 25 Apr 2021 20:38:27 GMT","server":"ESF","cache-control":"private","x-xss-protection":"0","x-frame-options":"SAMEORIGIN","x-content-type-options":"nosniff","alt-svc":"h3-29=\":443\"; ma=2592000,h3-T051=\":443\"; ma=2592000,h3-Q050=\":443\"; ma=2592000,h3-Q046=\":443\"; ma=2592000,h3-Q043=\":443\"; ma=2592000,quic=\":443\"; ma=2592000; v=\"46,43\"","accept-ranges":"none","transfer-encoding":"chunked"}
[info] +  functions: required API cloudbuild.googleapis.com is enabled 
[debug] [2021-04-25T20:38:27.697Z] <<< HTTP RESPONSE 200 {"content-type":"application/json; charset=UTF-8","vary":"X-Origin, Referer, Origin,Accept-Encoding","date":"Sun, 25 Apr 2021 20:38:27 GMT","server":"ESF","cache-control":"private","x-xss-protection":"0","x-frame-options":"SAMEORIGIN","x-content-type-options":"nosniff","alt-svc":"h3-29=\":443\"; ma=2592000,h3-T051=\":443\"; ma=2592000,h3-Q050=\":443\"; ma=2592000,h3-Q046=\":443\"; ma=2592000,h3-Q043=\":443\"; ma=2592000,quic=\":443\"; ma=2592000; v=\"46,43\"","accept-ranges":"none","transfer-encoding":"chunked"}
[debug] [2021-04-25T20:38:27.737Z] <<< HTTP RESPONSE 200 {"content-type":"application/json; charset=UTF-8","vary":"X-Origin, Referer, Origin,Accept-Encoding","date":"Sun, 25 Apr 2021 20:38:27 GMT","server":"ESF","cache-control":"private","x-xss-protection":"0","x-frame-options":"SAMEORIGIN","x-content-type-options":"nosniff","alt-svc":"h3-29=\":443\"; ma=2592000,h3-T051=\":443\"; ma=2592000,h3-Q050=\":443\"; ma=2592000,h3-Q046=\":443\"; ma=2592000,h3-Q043=\":443\"; ma=2592000,quic=\":443\"; ma=2592000; v=\"46,43\"","accept-ranges":"none","transfer-encoding":"chunked"}
[info] +  functions: required API cloudfunctions.googleapis.com is enabled 
[debug] [2021-04-25T20:38:27.738Z] >>> HTTP REQUEST GET https://firebase.googleapis.com/v1beta1/projects/project-35f78/adminSdkConfig  
 
[debug] [2021-04-25T20:38:28.044Z] <<< HTTP RESPONSE 200 {"content-type":"application/json; charset=UTF-8","vary":"X-Origin, Referer, Origin,Accept-Encoding","date":"Sun, 25 Apr 2021 20:38:27 GMT","server":"ESF","cache-control":"private","x-xss-protection":"0","x-frame-options":"SAMEORIGIN","x-content-type-options":"nosniff","alt-svc":"h3-29=\":443\"; ma=2592000,h3-T051=\":443\"; ma=2592000,h3-Q050=\":443\"; ma=2592000,h3-Q046=\":443\"; ma=2592000,h3-Q043=\":443\"; ma=2592000,quic=\":443\"; ma=2592000; v=\"46,43\"","accept-ranges":"none","transfer-encoding":"chunked"}
[info] i  functions: preparing functions directory for uploading... 
[debug] [2021-04-25T20:38:28.046Z] >>> HTTP REQUEST GET https://runtimeconfig.googleapis.com/v1beta1/projects/project-35f78/configs  
 
[debug] [2021-04-25T20:38:28.312Z] <<< HTTP RESPONSE 200 {"content-type":"application/json; charset=UTF-8","vary":"X-Origin, Referer, Origin,Accept-Encoding","date":"Sun, 25 Apr 2021 20:38:27 GMT","server":"ESF","cache-control":"private","x-xss-protection":"0","x-frame-options":"SAMEORIGIN","x-content-type-options":"nosniff","alt-svc":"h3-29=\":443\"; ma=2592000,h3-T051=\":443\"; ma=2592000,h3-Q050=\":443\"; ma=2592000,h3-Q046=\":443\"; ma=2592000,h3-Q043=\":443\"; ma=2592000,quic=\":443\"; ma=2592000; v=\"46,43\"","accept-ranges":"none","transfer-encoding":"chunked"}
[debug] [2021-04-25T20:38:28.313Z] >>> HTTP REQUEST GET https://runtimeconfig.googleapis.com/v1beta1/projects/project-35f78/configs/gmail/variables  
 
[debug] [2021-04-25T20:38:28.559Z] <<< HTTP RESPONSE 200 {"content-type":"application/json; charset=UTF-8","vary":"X-Origin, Referer, Origin,Accept-Encoding","date":"Sun, 25 Apr 2021 20:38:27 GMT","server":"ESF","cache-control":"private","x-xss-protection":"0","x-frame-options":"SAMEORIGIN","x-content-type-options":"nosniff","alt-svc":"h3-29=\":443\"; ma=2592000,h3-T051=\":443\"; ma=2592000,h3-Q050=\":443\"; ma=2592000,h3-Q046=\":443\"; ma=2592000,h3-Q043=\":443\"; ma=2592000,quic=\":443\"; ma=2592000; v=\"46,43\"","accept-ranges":"none","transfer-encoding":"chunked"}
[debug] [2021-04-25T20:38:28.559Z] >>> HTTP REQUEST GET https://runtimeconfig.googleapis.com/v1beta1/projects/project-35f78/configs/gmail/variables/email  
 
[debug] [2021-04-25T20:38:28.560Z] >>> HTTP REQUEST GET https://runtimeconfig.googleapis.com/v1beta1/projects/project-35f78/configs/gmail/variables/password  
 
[debug] [2021-04-25T20:38:28.773Z] <<< HTTP RESPONSE 200 {"content-type":"application/json; charset=UTF-8","vary":"X-Origin, Referer, Origin,Accept-Encoding","date":"Sun, 25 Apr 2021 20:38:28 GMT","server":"ESF","cache-control":"private","x-xss-protection":"0","x-frame-options":"SAMEORIGIN","x-content-type-options":"nosniff","alt-svc":"h3-29=\":443\"; ma=2592000,h3-T051=\":443\"; ma=2592000,h3-Q050=\":443\"; ma=2592000,h3-Q046=\":443\"; ma=2592000,h3-Q043=\":443\"; ma=2592000,quic=\":443\"; ma=2592000; v=\"46,43\"","accept-ranges":"none","transfer-encoding":"chunked"}
[debug] [2021-04-25T20:38:28.793Z] <<< HTTP RESPONSE 200 {"content-type":"application/json; charset=UTF-8","vary":"X-Origin, Referer, Origin,Accept-Encoding","date":"Sun, 25 Apr 2021 20:38:28 GMT","server":"ESF","cache-control":"private","x-xss-protection":"0","x-frame-options":"SAMEORIGIN","x-content-type-options":"nosniff","alt-svc":"h3-29=\":443\"; ma=2592000,h3-T051=\":443\"; ma=2592000,h3-Q050=\":443\"; ma=2592000,h3-Q046=\":443\"; ma=2592000,h3-Q043=\":443\"; ma=2592000,quic=\":443\"; ma=2592000; v=\"46,43\"","accept-ranges":"none","transfer-encoding":"chunked"}
[info] i  functions: packaged functions (80.61 KB) for uploading 
[debug] [2021-04-25T20:38:29.187Z] > [functions] package.json contents: {
  "name": "functions",
  "description": "Cloud Functions for Firebase",
  "scripts": {
    "lint": "eslint .",
    "serve": "firebase emulators:start --only functions",
    "shell": "firebase functions:shell",
    "start": "npm run shell",
    "deploy": "firebase deploy --only functions",
    "logs": "firebase functions:log"
  },
  "engines": {
    "node": "10"
  },
  "dependencies": {
    "cors": "^2.8.5",
    "express": "^4.17.1",
    "firebase-admin": "^8.10.0",
    "firebase-functions": "^3.6.1",
    "stripe": "^8.124.0"
  },
  "devDependencies": {
    "eslint": "^5.12.0",
    "eslint-plugin-promise": "^4.0.1",
    "firebase-functions-test": "^0.2.0"
  },
  "private": true
}
[debug] [2021-04-25T20:38:29.189Z] >>> HTTP REQUEST POST https://firebasehosting.googleapis.com/v1beta1/sites/project-35f78/versions  
 {"config":{"rewrites":[{"glob":"**","path":"/index.html"}]},"labels":{"deployment-tool":"cli-firebase"}}
[debug] [2021-04-25T20:38:30.319Z] <<< HTTP RESPONSE 200 {"content-type":"application/json; charset=UTF-8","vary":"X-Origin, Referer, Origin,Accept-Encoding","date":"Sun, 25 Apr 2021 20:38:29 GMT","server":"ESF","cache-control":"private","x-xss-protection":"0","x-frame-options":"SAMEORIGIN","x-content-type-options":"nosniff","alt-svc":"h3-29=\":443\"; ma=2592000,h3-T051=\":443\"; ma=2592000,h3-Q050=\":443\"; ma=2592000,h3-Q046=\":443\"; ma=2592000,h3-Q043=\":443\"; ma=2592000,quic=\":443\"; ma=2592000; v=\"46,43\"","accept-ranges":"none","transfer-encoding":"chunked"}
[debug] [2021-04-25T20:38:30.321Z] >>> HTTP REQUEST GET https://firebaserules.googleapis.com/v1/projects/project-35f78/releases?pageSize=10&pageToken=  
 
[debug] [2021-04-25T20:38:31.015Z] <<< HTTP RESPONSE 200 {"content-type":"application/json; charset=UTF-8","vary":"X-Origin, Referer, Origin,Accept-Encoding","date":"Sun, 25 Apr 2021 20:38:30 GMT","server":"ESF","cache-control":"private","x-xss-protection":"0","x-frame-options":"SAMEORIGIN","x-content-type-options":"nosniff","alt-svc":"h3-29=\":443\"; ma=2592000,h3-T051=\":443\"; ma=2592000,h3-Q050=\":443\"; ma=2592000,h3-Q046=\":443\"; ma=2592000,h3-Q043=\":443\"; ma=2592000,quic=\":443\"; ma=2592000; v=\"46,43\"","accept-ranges":"none","transfer-encoding":"chunked"}
[debug] [2021-04-25T20:38:31.016Z] >>> HTTP REQUEST GET https://firebaserules.googleapis.com/v1/projects/project-35f78/rulesets/037aee81-0031-4258-babc-0d09d1cda0ca  
 
[debug] [2021-04-25T20:38:31.702Z] <<< HTTP RESPONSE 200 {"content-type":"application/json; charset=UTF-8","vary":"X-Origin, Referer, Origin,Accept-Encoding","date":"Sun, 25 Apr 2021 20:38:31 GMT","server":"ESF","cache-control":"private","x-xss-protection":"0","x-frame-options":"SAMEORIGIN","x-content-type-options":"nosniff","alt-svc":"h3-29=\":443\"; ma=2592000,h3-T051=\":443\"; ma=2592000,h3-Q050=\":443\"; ma=2592000,h3-Q046=\":443\"; ma=2592000,h3-Q043=\":443\"; ma=2592000,quic=\":443\"; ma=2592000; v=\"46,43\"","accept-ranges":"none","transfer-encoding":"chunked"}
[info] i  storage: latest version of storage.rules already up to date, skipping upload... 
[debug] [2021-04-25T20:38:31.704Z] >>> HTTP REQUEST GET https://cloudfunctions.googleapis.com/v1/projects/project-35f78/locations/-/functions  
 
[debug] [2021-04-25T20:38:32.213Z] <<< HTTP RESPONSE 200 {"content-type":"application/json; charset=UTF-8","vary":"X-Origin, Referer, Origin,Accept-Encoding","date":"Sun, 25 Apr 2021 20:38:31 GMT","server":"ESF","cache-control":"private","x-xss-protection":"0","x-frame-options":"SAMEORIGIN","x-content-type-options":"nosniff","alt-svc":"h3-29=\":443\"; ma=2592000,h3-T051=\":443\"; ma=2592000,h3-Q050=\":443\"; ma=2592000,h3-Q046=\":443\"; ma=2592000,h3-Q043=\":443\"; ma=2592000,quic=\":443\"; ma=2592000; v=\"46,43\"","accept-ranges":"none","transfer-encoding":"chunked"}
[debug] [2021-04-25T20:38:32.214Z] >>> HTTP REQUEST POST https://cloudfunctions.googleapis.com/v1/projects/project-35f78/locations/us-central1/functions:generateUploadUrl  
 
[debug] [2021-04-25T20:38:32.708Z] <<< HTTP RESPONSE 200 {"content-type":"application/json; charset=UTF-8","vary":"X-Origin, Referer, Origin,Accept-Encoding","date":"Sun, 25 Apr 2021 20:38:32 GMT","server":"ESF","cache-control":"private","x-xss-protection":"0","x-frame-options":"SAMEORIGIN","x-content-type-options":"nosniff","alt-svc":"h3-29=\":443\"; ma=2592000,h3-T051=\":443\"; ma=2592000,h3-Q050=\":443\"; ma=2592000,h3-Q046=\":443\"; ma=2592000,h3-Q043=\":443\"; ma=2592000,quic=\":443\"; ma=2592000; v=\"46,43\"","accept-ranges":"none","transfer-encoding":"chunked"}
[debug] [2021-04-25T20:38:32.709Z] >>> HTTP REQUEST PUT https://storage.googleapis.com/gcf-upload-us-central1-544a250a-b2c4-43d4-b2b3-642fab059e61/20a1f720-1357-436d-8886-9e0b526bda19.zip?GoogleAccessId=service-374116051238@gcf-admin-robot.iam.gserviceaccount.com&Expires=1619384912&Signature=qLCG77PMywKxpYhlTgAc%2FCoR%2BtWX1CJFrW5FpvSSDuG5T%2BktGLPRxEsPUcnvbC%2FlMrlonm3CY9pkULg5O%2Bt218rNInI%2BK6nSPjkTbTN2T1byaB4xkKR%2FuCZkFmRQYpdUt61GeIJuOiNPfTnf3B9tv7l1TEJdXchDt%2FuOs8lIBzP8JZdyhwss4eKAK%2BZSzhDqnh62LCxh03trp15Y6g8rp%2FcvL6rRSn9UDcOL0QnC1OSVdz%2BBFqBn0go5Urfvi8Jd5jbANNytOGI%2B2x4fs%2BxrYLgCMEVf4QvTfSFgh3A%2BrUw5z4E3b1rEmJC1rkmTyg2lsL3kb7Nh%2FKjoGmHUxzfMfA%3D%3D  
 <request body omitted>
[debug] [2021-04-25T20:38:33.201Z] <<< HTTP RESPONSE 200 {"x-guploader-uploadid":"ABg5-UyZRAQagNDpvFFKC9lbL-PmbBascu4e_QC870iXvzSRg2S3lx6SjP1nDBVzpQDDS2JF2tbUg-HwwClo5e6necc","etag":"\"b0c420fc7908535e679adfc106c1ec5c\"","x-goog-generation":"1619383112598933","x-goog-metageneration":"1","x-goog-hash":"crc32c=dQ4I2A==, md5=sMQg/HkIU15nmt/BBsHsXA==","x-goog-stored-content-length":"82543","x-goog-stored-content-encoding":"identity","vary":"Origin","content-length":"0","date":"Sun, 25 Apr 2021 20:38:32 GMT","server":"UploadServer","content-type":"text/html; charset=UTF-8","alt-svc":"h3-29=\":443\"; ma=2592000,h3-T051=\":443\"; ma=2592000,h3-Q050=\":443\"; ma=2592000,h3-Q046=\":443\"; ma=2592000,h3-Q043=\":443\"; ma=2592000,quic=\":443\"; ma=2592000; v=\"46,43\""}
[info] +  functions: functions folder uploaded successfully 
[info] i  hosting[project-35f78]: beginning deploy... 
[info] i  hosting[project-35f78]: found 20 files in build 
[debug] [2021-04-25T20:38:34.085Z] > refreshing access token with scopes: []
[debug] [2021-04-25T20:38:34.087Z] >>> HTTP REQUEST POST https://www.googleapis.com/oauth2/v3/token  
 <request body omitted>
[debug] [2021-04-25T20:38:34.097Z] [hosting] hash cache [YnVpbGQ] stored for 20 files
[debug] [2021-04-25T20:38:34.098Z] [hosting][hash queue][FINAL] {"max":863,"min":8,"avg":82.35,"active":0,"complete":20,"success":20,"errored":0,"retried":0,"total":20,"elapsed":883}
[debug] [2021-04-25T20:38:34.196Z] <<< HTTP RESPONSE 200 {"date":"Sun, 25 Apr 2021 20:38:33 GMT","cache-control":"no-cache, no-store, max-age=0, must-revalidate","expires":"Mon, 01 Jan 1990 00:00:00 GMT","pragma":"no-cache","content-type":"application/json; charset=utf-8","vary":"X-Origin, Referer, Origin,Accept-Encoding","server":"scaffolding on HTTPServer2","x-xss-protection":"0","x-frame-options":"SAMEORIGIN","x-content-type-options":"nosniff","alt-svc":"h3-29=\":443\"; ma=2592000,h3-T051=\":443\"; ma=2592000,h3-Q050=\":443\"; ma=2592000,h3-Q046=\":443\"; ma=2592000,h3-Q043=\":443\"; ma=2592000,quic=\":443\"; ma=2592000; v=\"46,43\"","accept-ranges":"none","transfer-encoding":"chunked"}
[debug] [2021-04-25T20:38:34.209Z] >>> [apiv2][query] POST https://firebasehosting.googleapis.com/v1beta1/sites/project-35f78/versions/c855fe0fac1b6cec:populateFiles [none]
[debug] [2021-04-25T20:38:34.209Z] >>> [apiv2][body] POST https://firebasehosting.googleapis.com/v1beta1/sites/project-35f78/versions/c855fe0fac1b6cec:populateFiles {"files":{"/favicon.png":"d42d0e5e4dcf56d441e300e118eefbb4e06231be0fb9465270dfe0f6da7e0528","/manifest.json":"aff3449bdc238776f5d6d967f19ec491b36aed5fb7f23ccff6500736fd58494a","/robots.txt":"bfe106a3fb878dc83461c86818bf74fc1bdc7f28538ba613cd3e775516ce8b49","/asset-manifest.json":"f26dc5e0b87c743850211dfaba85077e065122538cb278fceb8101159901bb77","/index.html":"e5ce3466b1139d0c0301ffd840e41f2f4b0d7cd856d3dee812e60a9396a757a8","/precache-manifest.6f7688b03d006ded38c454b94698253c.js":"4a5f3ba87bb52a939494118efc31cf58fd5f6bdeedc8a80c214e6bae3d45d56f","/service-worker.js":"46284accacc9c6996408b8c7851f22c992dacec89ab27c825755531814f152fa","/static/js/2.6f07714c.chunk.js.LICENSE.txt":"acd8ffe90f95cf8cbdcfef1a5374ca9451eb994fdde6b010a6e27a1edfeaab19","/static/js/runtime-main.82fd11e0.js":"6ea9cca7fed324f7774c69dbcacc7c0b12d9b0db65325ec7710e09490acf0ce4","/static/js/main.8b9cf8d1.chunk.js":"e63313790b141e458d58dffa08c9c16813578cf722a947b2f3b5b192d9b2a35e","/static/js/runtime-main.82fd11e0.js.map":"b7743d79ff3f73b3096b980091781546ff2d2c96f63fe900dc89869f4be2775c","/static/media/shopPaintings.470c1ea9.jpg":"4a1e6592de5d5178dfa0585e6429ce20352449162d98a0e771487964450170fd","/static/media/shopSculptures.588b54b6.jpg":"40185a27d440e146b35e315dd38381ecee22437e28f1b90ed4380f55d05340cd","/static/js/main.8b9cf8d1.chunk.js.map":"3a91833eaadb53901bd6a12483a6afdf359ca202af0c77f9f5fc18cff870a970","/static/media/main.9c09791a.jpg":"8597469d9979b8474b408d246e8dfb44e7dc787424ebb32d68b9b80f8cb6a49d","/static/media/shopOffers.b9053869.jpg":"71369848bbe41aecb02288487ff670c1616f7199135c086f9fd18e5ed8aaba73","/static/css/main.d1166f4c.chunk.css":"c7af724f7a447cb1d5faa77f946fe9bfa2cc726b50bce006c84f54642972c078","/static/js/2.6f07714c.chunk.js":"f42f256fb11a1ad42aa2453c7c0f833216eda4b64dcef4280581b759eaa630c5","/static/css/main.d1166f4c.chunk.css.map":"d772cc97887d33ab3e6db49b4b578c076d1df2476249db3886e007a03a0bc19a","/static/js/2.6f07714c.chunk.js.map":"a7d738bbc8a14040e458d6e9c35ce88200517aa01d7b49fb011b9da5456779f3"}}
[debug] [2021-04-25T20:38:35.292Z] <<< [apiv2][status] POST https://firebasehosting.googleapis.com/v1beta1/sites/project-35f78/versions/c855fe0fac1b6cec:populateFiles 200
[debug] [2021-04-25T20:38:35.292Z] <<< [apiv2][body] POST https://firebasehosting.googleapis.com/v1beta1/sites/project-35f78/versions/c855fe0fac1b6cec:populateFiles {"uploadRequiredHashes":["c7af724f7a447cb1d5faa77f946fe9bfa2cc726b50bce006c84f54642972c078","46284accacc9c6996408b8c7851f22c992dacec89ab27c825755531814f152fa","4a5f3ba87bb52a939494118efc31cf58fd5f6bdeedc8a80c214e6bae3d45d56f","d772cc97887d33ab3e6db49b4b578c076d1df2476249db3886e007a03a0bc19a","f26dc5e0b87c743850211dfaba85077e065122538cb278fceb8101159901bb77","e5ce3466b1139d0c0301ffd840e41f2f4b0d7cd856d3dee812e60a9396a757a8"],"uploadUrl":"https://upload-firebasehosting.googleapis.com/upload/sites/project-35f78/versions/c855fe0fac1b6cec/files"}
[debug] [2021-04-25T20:38:35.294Z] >>> [apiv2][query] POST https://upload-firebasehosting.googleapis.com/upload/sites/project-35f78/versions/c855fe0fac1b6cec/files/c7af724f7a447cb1d5faa77f946fe9bfa2cc726b50bce006c84f54642972c078 [none]
[debug] [2021-04-25T20:38:35.294Z] >>> [apiv2][body] POST https://upload-firebasehosting.googleapis.com/upload/sites/project-35f78/versions/c855fe0fac1b6cec/files/c7af724f7a447cb1d5faa77f946fe9bfa2cc726b50bce006c84f54642972c078 [stream]
[debug] [2021-04-25T20:38:35.295Z] >>> [apiv2][query] POST https://upload-firebasehosting.googleapis.com/upload/sites/project-35f78/versions/c855fe0fac1b6cec/files/46284accacc9c6996408b8c7851f22c992dacec89ab27c825755531814f152fa [none]
[debug] [2021-04-25T20:38:35.295Z] >>> [apiv2][body] POST https://upload-firebasehosting.googleapis.com/upload/sites/project-35f78/versions/c855fe0fac1b6cec/files/46284accacc9c6996408b8c7851f22c992dacec89ab27c825755531814f152fa [stream]
[debug] [2021-04-25T20:38:35.295Z] >>> [apiv2][query] POST https://upload-firebasehosting.googleapis.com/upload/sites/project-35f78/versions/c855fe0fac1b6cec/files/4a5f3ba87bb52a939494118efc31cf58fd5f6bdeedc8a80c214e6bae3d45d56f [none]
[debug] [2021-04-25T20:38:35.295Z] >>> [apiv2][body] POST https://upload-firebasehosting.googleapis.com/upload/sites/project-35f78/versions/c855fe0fac1b6cec/files/4a5f3ba87bb52a939494118efc31cf58fd5f6bdeedc8a80c214e6bae3d45d56f [stream]
[debug] [2021-04-25T20:38:35.296Z] >>> [apiv2][query] POST https://upload-firebasehosting.googleapis.com/upload/sites/project-35f78/versions/c855fe0fac1b6cec/files/d772cc97887d33ab3e6db49b4b578c076d1df2476249db3886e007a03a0bc19a [none]
[debug] [2021-04-25T20:38:35.296Z] >>> [apiv2][body] POST https://upload-firebasehosting.googleapis.com/upload/sites/project-35f78/versions/c855fe0fac1b6cec/files/d772cc97887d33ab3e6db49b4b578c076d1df2476249db3886e007a03a0bc19a [stream]
[debug] [2021-04-25T20:38:35.296Z] >>> [apiv2][query] POST https://upload-firebasehosting.googleapis.com/upload/sites/project-35f78/versions/c855fe0fac1b6cec/files/f26dc5e0b87c743850211dfaba85077e065122538cb278fceb8101159901bb77 [none]
[debug] [2021-04-25T20:38:35.296Z] >>> [apiv2][body] POST https://upload-firebasehosting.googleapis.com/upload/sites/project-35f78/versions/c855fe0fac1b6cec/files/f26dc5e0b87c743850211dfaba85077e065122538cb278fceb8101159901bb77 [stream]
[debug] [2021-04-25T20:38:35.297Z] >>> [apiv2][query] POST https://upload-firebasehosting.googleapis.com/upload/sites/project-35f78/versions/c855fe0fac1b6cec/files/e5ce3466b1139d0c0301ffd840e41f2f4b0d7cd856d3dee812e60a9396a757a8 [none]
[debug] [2021-04-25T20:38:35.297Z] >>> [apiv2][body] POST https://upload-firebasehosting.googleapis.com/upload/sites/project-35f78/versions/c855fe0fac1b6cec/files/e5ce3466b1139d0c0301ffd840e41f2f4b0d7cd856d3dee812e60a9396a757a8 [stream]
[debug] [2021-04-25T20:38:35.297Z] [hosting][populate queue][FINAL] {"max":1211,"min":1211,"avg":1211,"active":0,"complete":1,"success":1,"errored":0,"retried":0,"total":1,"elapsed":1214}
[debug] [2021-04-25T20:38:35.297Z] [hosting] uploads queued: 6
[debug] [2021-04-25T20:38:36.420Z] <<< [apiv2][status] POST https://upload-firebasehosting.googleapis.com/upload/sites/project-35f78/versions/c855fe0fac1b6cec/files/4a5f3ba87bb52a939494118efc31cf58fd5f6bdeedc8a80c214e6bae3d45d56f 200
[debug] [2021-04-25T20:38:36.420Z] <<< [apiv2][body] POST https://upload-firebasehosting.googleapis.com/upload/sites/project-35f78/versions/c855fe0fac1b6cec/files/4a5f3ba87bb52a939494118efc31cf58fd5f6bdeedc8a80c214e6bae3d45d56f [stream]
[debug] [2021-04-25T20:38:36.683Z] <<< [apiv2][status] POST https://upload-firebasehosting.googleapis.com/upload/sites/project-35f78/versions/c855fe0fac1b6cec/files/46284accacc9c6996408b8c7851f22c992dacec89ab27c825755531814f152fa 200
[debug] [2021-04-25T20:38:36.683Z] <<< [apiv2][body] POST https://upload-firebasehosting.googleapis.com/upload/sites/project-35f78/versions/c855fe0fac1b6cec/files/46284accacc9c6996408b8c7851f22c992dacec89ab27c825755531814f152fa [stream]
[debug] [2021-04-25T20:38:36.755Z] <<< [apiv2][status] POST https://upload-firebasehosting.googleapis.com/upload/sites/project-35f78/versions/c855fe0fac1b6cec/files/e5ce3466b1139d0c0301ffd840e41f2f4b0d7cd856d3dee812e60a9396a757a8 200
[debug] [2021-04-25T20:38:36.755Z] <<< [apiv2][body] POST https://upload-firebasehosting.googleapis.com/upload/sites/project-35f78/versions/c855fe0fac1b6cec/files/e5ce3466b1139d0c0301ffd840e41f2f4b0d7cd856d3dee812e60a9396a757a8 [stream]
[debug] [2021-04-25T20:38:36.781Z] <<< [apiv2][status] POST https://upload-firebasehosting.googleapis.com/upload/sites/project-35f78/versions/c855fe0fac1b6cec/files/d772cc97887d33ab3e6db49b4b578c076d1df2476249db3886e007a03a0bc19a 200
[debug] [2021-04-25T20:38:36.781Z] <<< [apiv2][body] POST https://upload-firebasehosting.googleapis.com/upload/sites/project-35f78/versions/c855fe0fac1b6cec/files/d772cc97887d33ab3e6db49b4b578c076d1df2476249db3886e007a03a0bc19a [stream]
[debug] [2021-04-25T20:38:37.045Z] <<< [apiv2][status] POST https://upload-firebasehosting.googleapis.com/upload/sites/project-35f78/versions/c855fe0fac1b6cec/files/f26dc5e0b87c743850211dfaba85077e065122538cb278fceb8101159901bb77 200
[debug] [2021-04-25T20:38:37.045Z] <<< [apiv2][body] POST https://upload-firebasehosting.googleapis.com/upload/sites/project-35f78/versions/c855fe0fac1b6cec/files/f26dc5e0b87c743850211dfaba85077e065122538cb278fceb8101159901bb77 [stream]
[debug] [2021-04-25T20:38:37.059Z] <<< [apiv2][status] POST https://upload-firebasehosting.googleapis.com/upload/sites/project-35f78/versions/c855fe0fac1b6cec/files/c7af724f7a447cb1d5faa77f946fe9bfa2cc726b50bce006c84f54642972c078 200
[debug] [2021-04-25T20:38:37.060Z] <<< [apiv2][body] POST https://upload-firebasehosting.googleapis.com/upload/sites/project-35f78/versions/c855fe0fac1b6cec/files/c7af724f7a447cb1d5faa77f946fe9bfa2cc726b50bce006c84f54642972c078 [stream]
[debug] [2021-04-25T20:38:37.060Z] [hosting][upload queue][FINAL] {"max":1767,"min":1127,"avg":1497.5,"active":0,"complete":6,"success":6,"errored":0,"retried":0,"total":6,"elapsed":1767}
[info] +  hosting[project-35f78]: file upload complete 
[debug] [2021-04-25T20:38:37.062Z] [hosting] deploy completed after 3859ms
[info] i  database: releasing rules... 
[debug] [2021-04-25T20:38:37.169Z] > refreshing access token with scopes: ["email","https://www.googleapis.com/auth/cloud-platform","https://www.googleapis.com/auth/cloudplatformprojects.readonly","https://www.googleapis.com/auth/firebase","openid"]
[debug] [2021-04-25T20:38:37.170Z] >>> HTTP REQUEST POST https://www.googleapis.com/oauth2/v3/token  
 <request body omitted>
[debug] [2021-04-25T20:38:37.279Z] <<< HTTP RESPONSE 200 {"pragma":"no-cache","date":"Sun, 25 Apr 2021 20:38:36 GMT","cache-control":"no-cache, no-store, max-age=0, must-revalidate","expires":"Mon, 01 Jan 1990 00:00:00 GMT","content-type":"application/json; charset=utf-8","vary":"X-Origin, Referer, Origin,Accept-Encoding","server":"scaffolding on HTTPServer2","x-xss-protection":"0","x-frame-options":"SAMEORIGIN","x-content-type-options":"nosniff","alt-svc":"h3-29=\":443\"; ma=2592000,h3-T051=\":443\"; ma=2592000,h3-Q050=\":443\"; ma=2592000,h3-Q046=\":443\"; ma=2592000,h3-Q043=\":443\"; ma=2592000,quic=\":443\"; ma=2592000; v=\"46,43\"","accept-ranges":"none","transfer-encoding":"chunked"}
[debug] [2021-04-25T20:38:37.290Z] >>> HTTP REQUEST GET https://firebasedatabase.googleapis.com/v1beta/projects/project-35f78/locations/-/instances/project-35f78-default-rtdb  
 
[debug] [2021-04-25T20:38:37.655Z] <<< HTTP RESPONSE 200 {"content-type":"application/json; charset=UTF-8","vary":"X-Origin, Referer, Origin,Accept-Encoding","date":"Sun, 25 Apr 2021 20:38:37 GMT","server":"ESF","cache-control":"private","x-xss-protection":"0","x-frame-options":"SAMEORIGIN","x-content-type-options":"nosniff","alt-svc":"h3-29=\":443\"; ma=2592000,h3-T051=\":443\"; ma=2592000,h3-Q050=\":443\"; ma=2592000,h3-Q046=\":443\"; ma=2592000,h3-Q043=\":443\"; ma=2592000,quic=\":443\"; ma=2592000; v=\"46,43\"","accept-ranges":"none","transfer-encoding":"chunked"}
[debug] [2021-04-25T20:38:37.656Z] >>> HTTP REQUEST PUT https://project-35f78-default-rtdb.europe-west1.firebasedatabase.app/.settings/rules.json  
 {
  "rules": {
    ".read": false,
    ".write": false
  }
}

[debug] [2021-04-25T20:38:38.044Z] <<< HTTP RESPONSE 200 {"server":"nginx","date":"Sun, 25 Apr 2021 20:38:37 GMT","content-type":"application/json; charset=utf-8","content-length":"15","connection":"keep-alive","access-control-allow-origin":"*","cache-control":"no-cache","strict-transport-security":"max-age=31556926; includeSubDomains; preload"}
[info] +  database: rules for database project-35f78-default-rtdb released successfully 
[debug] [2021-04-25T20:38:38.046Z] [rules] releasing firebase.storage/project-35f78.appspot.com with ruleset projects/project-35f78/rulesets/037aee81-0031-4258-babc-0d09d1cda0ca
[debug] [2021-04-25T20:38:38.047Z] >>> HTTP REQUEST PATCH https://firebaserules.googleapis.com/v1/projects/project-35f78/releases/firebase.storage/project-35f78.appspot.com  
 {"release":{"name":"projects/project-35f78/releases/firebase.storage/project-35f78.appspot.com","rulesetName":"projects/project-35f78/rulesets/037aee81-0031-4258-babc-0d09d1cda0ca"}}
[debug] [2021-04-25T20:38:38.899Z] <<< HTTP RESPONSE 200 {"content-type":"application/json; charset=UTF-8","vary":"X-Origin, Referer, Origin,Accept-Encoding","date":"Sun, 25 Apr 2021 20:38:38 GMT","server":"ESF","cache-control":"private","x-xss-protection":"0","x-frame-options":"SAMEORIGIN","x-content-type-options":"nosniff","alt-svc":"h3-29=\":443\"; ma=2592000,h3-T051=\":443\"; ma=2592000,h3-Q050=\":443\"; ma=2592000,h3-Q046=\":443\"; ma=2592000,h3-Q043=\":443\"; ma=2592000,quic=\":443\"; ma=2592000; v=\"46,43\"","accept-ranges":"none","transfer-encoding":"chunked"}
[debug] [2021-04-25T20:38:38.899Z] [rules] updated release projects/project-35f78/releases/firebase.storage/project-35f78.appspot.com
[info] +  storage: released rules storage.rules to firebase.storage 
[info] i  functions: updating Node.js 10 function api(us-central1)... 
[debug] [2021-04-25T20:38:38.904Z] >>> HTTP REQUEST PATCH https://cloudfunctions.googleapis.com/v1/projects/project-35f78/locations/us-central1/functions/api {"updateMask":"sourceUploadUrl,name,labels,runtime,environmentVariables,httpsTrigger"} 
 {"sourceUploadUrl":"https://storage.googleapis.com/gcf-upload-us-central1-544a250a-b2c4-43d4-b2b3-642fab059e61/20a1f720-1357-436d-8886-9e0b526bda19.zip?GoogleAccessId=service-374116051238@gcf-admin-robot.iam.gserviceaccount.com&Expires=1619384912&Signature=qLCG77PMywKxpYhlTgAc%2FCoR%2BtWX1CJFrW5FpvSSDuG5T%2BktGLPRxEsPUcnvbC%2FlMrlonm3CY9pkULg5O%2Bt218rNInI%2BK6nSPjkTbTN2T1byaB4xkKR%2FuCZkFmRQYpdUt61GeIJuOiNPfTnf3B9tv7l1TEJdXchDt%2FuOs8lIBzP8JZdyhwss4eKAK%2BZSzhDqnh62LCxh03trp15Y6g8rp%2FcvL6rRSn9UDcOL0QnC1OSVdz%2BBFqBn0go5Urfvi8Jd5jbANNytOGI%2B2x4fs%2BxrYLgCMEVf4QvTfSFgh3A%2BrUw5z4E3b1rEmJC1rkmTyg2lsL3kb7Nh%2FKjoGmHUxzfMfA%3D%3D","name":"projects/project-35f78/locations/us-central1/functions/api","labels":{"deployment-tool":"cli-firebase"},"httpsTrigger":{},"runtime":"nodejs10","environmentVariables":{"FIREBASE_CONFIG":"{\"projectId\":\"project-35f78\",\"databaseURL\":\"https://project-35f78-default-rtdb.europe-west1.firebasedatabase.app\",\"storageBucket\":\"project-35f78.appspot.com\",\"locationId\":\"europe-west\"}"}}
[debug] [2021-04-25T20:38:39.533Z] <<< HTTP RESPONSE 200 {"content-type":"application/json; charset=UTF-8","vary":"X-Origin, Referer, Origin,Accept-Encoding","date":"Sun, 25 Apr 2021 20:38:38 GMT","server":"ESF","cache-control":"private","x-xss-protection":"0","x-frame-options":"SAMEORIGIN","x-content-type-options":"nosniff","alt-svc":"h3-29=\":443\"; ma=2592000,h3-T051=\":443\"; ma=2592000,h3-Q050=\":443\"; ma=2592000,h3-Q046=\":443\"; ma=2592000,h3-Q043=\":443\"; ma=2592000,quic=\":443\"; ma=2592000; v=\"46,43\"","accept-ranges":"none","transfer-encoding":"chunked"}
[debug] [2021-04-25T20:38:39.533Z] > refreshing access token with scopes: []
[debug] [2021-04-25T20:38:39.534Z] >>> HTTP REQUEST POST https://www.googleapis.com/oauth2/v3/token  
 <request body omitted>
[debug] [2021-04-25T20:38:39.628Z] <<< HTTP RESPONSE 200 {"expires":"Mon, 01 Jan 1990 00:00:00 GMT","pragma":"no-cache","date":"Sun, 25 Apr 2021 20:38:39 GMT","cache-control":"no-cache, no-store, max-age=0, must-revalidate","content-type":"application/json; charset=utf-8","vary":"X-Origin, Referer, Origin,Accept-Encoding","server":"scaffolding on HTTPServer2","x-xss-protection":"0","x-frame-options":"SAMEORIGIN","x-content-type-options":"nosniff","alt-svc":"h3-29=\":443\"; ma=2592000,h3-T051=\":443\"; ma=2592000,h3-Q050=\":443\"; ma=2592000,h3-Q046=\":443\"; ma=2592000,h3-Q043=\":443\"; ma=2592000,quic=\":443\"; ma=2592000; v=\"46,43\"","accept-ranges":"none","transfer-encoding":"chunked"}
[debug] [2021-04-25T20:38:39.635Z] >>> [apiv2][query] GET https://cloudfunctions.googleapis.com/v1/operations/cHJvamVjdC0zNWY3OC91cy1jZW50cmFsMS9hcGkvX0pRYW5QbnVkQU0 [none]
[debug] [2021-04-25T20:38:39.864Z] <<< [apiv2][status] GET https://cloudfunctions.googleapis.com/v1/operations/cHJvamVjdC0zNWY3OC91cy1jZW50cmFsMS9hcGkvX0pRYW5QbnVkQU0 200
[debug] [2021-04-25T20:38:39.864Z] <<< [apiv2][body] GET https://cloudfunctions.googleapis.com/v1/operations/cHJvamVjdC0zNWY3OC91cy1jZW50cmFsMS9hcGkvX0pRYW5QbnVkQU0 {"name":"operations/cHJvamVjdC0zNWY3OC91cy1jZW50cmFsMS9hcGkvX0pRYW5QbnVkQU0","metadata":{"@type":"type.googleapis.com/google.cloud.functions.v1.OperationMetadataV1","target":"projects/project-35f78/locations/us-central1/functions/api","type":"UPDATE_FUNCTION","request":{"@type":"type.googleapis.com/google.cloud.functions.v1.CloudFunction","name":"projects/project-35f78/locations/us-central1/functions/api","httpsTrigger":{},"status":"ACTIVE","entryPoint":"api","timeout":"60s","availableMemoryMb":256,"serviceAccountEmail":"project-35f78@appspot.gserviceaccount.com","updateTime":"2021-04-25T20:31:43.141Z","versionId":"10","labels":{"deployment-tool":"cli-firebase"},"sourceUploadUrl":"https://storage.googleapis.com/gcf-upload-us-central1-544a250a-b2c4-43d4-b2b3-642fab059e61/20a1f720-1357-436d-8886-9e0b526bda19.zip?GoogleAccessId=service-374116051238@gcf-admin-robot.iam.gserviceaccount.com&Expires=1619384912&Signature=qLCG77PMywKxpYhlTgAc%2FCoR%2BtWX1CJFrW5FpvSSDuG5T%2BktGLPRxEsPUcnvbC%2FlMrlonm3CY9pkULg5O%2Bt218rNInI%2BK6nSPjkTbTN2T1byaB4xkKR%2FuCZkFmRQYpdUt61GeIJuOiNPfTnf3B9tv7l1TEJdXchDt%2FuOs8lIBzP8JZdyhwss4eKAK%2BZSzhDqnh62LCxh03trp15Y6g8rp%2FcvL6rRSn9UDcOL0QnC1OSVdz%2BBFqBn0go5Urfvi8Jd5jbANNytOGI%2B2x4fs%2BxrYLgCMEVf4QvTfSFgh3A%2BrUw5z4E3b1rEmJC1rkmTyg2lsL3kb7Nh%2FKjoGmHUxzfMfA%3D%3D","environmentVariables":{"FIREBASE_CONFIG":"{\"projectId\":\"project-35f78\",\"databaseURL\":\"https://project-35f78-default-rtdb.europe-west1.firebasedatabase.app\",\"storageBucket\":\"project-35f78.appspot.com\",\"locationId\":\"europe-west\"}"},"runtime":"nodejs10","ingressSettings":"ALLOW_ALL","buildId":"0a2fcd5a-9dab-4412-bb6b-5f8311aeff5d"},"versionId":"11","updateTime":"2021-04-25T20:38:39Z"}}
[debug] [2021-04-25T20:38:40.365Z] [update-projects/project-35f78/locations/us-central1/functions/api] Retrying task index 0
[debug] [2021-04-25T20:38:40.365Z] >>> [apiv2][query] GET https://cloudfunctions.googleapis.com/v1/operations/cHJvamVjdC0zNWY3OC91cy1jZW50cmFsMS9hcGkvX0pRYW5QbnVkQU0 [none]
[debug] [2021-04-25T20:38:40.598Z] <<< [apiv2][status] GET https://cloudfunctions.googleapis.com/v1/operations/cHJvamVjdC0zNWY3OC91cy1jZW50cmFsMS9hcGkvX0pRYW5QbnVkQU0 200
[debug] [2021-04-25T20:38:40.598Z] <<< [apiv2][body] GET https://cloudfunctions.googleapis.com/v1/operations/cHJvamVjdC0zNWY3OC91cy1jZW50cmFsMS9hcGkvX0pRYW5QbnVkQU0 {"name":"operations/cHJvamVjdC0zNWY3OC91cy1jZW50cmFsMS9hcGkvX0pRYW5QbnVkQU0","metadata":{"@type":"type.googleapis.com/google.cloud.functions.v1.OperationMetadataV1","target":"projects/project-35f78/locations/us-central1/functions/api","type":"UPDATE_FUNCTION","request":{"@type":"type.googleapis.com/google.cloud.functions.v1.CloudFunction","name":"projects/project-35f78/locations/us-central1/functions/api","httpsTrigger":{},"status":"ACTIVE","entryPoint":"api","timeout":"60s","availableMemoryMb":256,"serviceAccountEmail":"project-35f78@appspot.gserviceaccount.com","updateTime":"2021-04-25T20:31:43.141Z","versionId":"10","labels":{"deployment-tool":"cli-firebase"},"sourceUploadUrl":"https://storage.googleapis.com/gcf-upload-us-central1-544a250a-b2c4-43d4-b2b3-642fab059e61/20a1f720-1357-436d-8886-9e0b526bda19.zip?GoogleAccessId=service-374116051238@gcf-admin-robot.iam.gserviceaccount.com&Expires=1619384912&Signature=qLCG77PMywKxpYhlTgAc%2FCoR%2BtWX1CJFrW5FpvSSDuG5T%2BktGLPRxEsPUcnvbC%2FlMrlonm3CY9pkULg5O%2Bt218rNInI%2BK6nSPjkTbTN2T1byaB4xkKR%2FuCZkFmRQYpdUt61GeIJuOiNPfTnf3B9tv7l1TEJdXchDt%2FuOs8lIBzP8JZdyhwss4eKAK%2BZSzhDqnh62LCxh03trp15Y6g8rp%2FcvL6rRSn9UDcOL0QnC1OSVdz%2BBFqBn0go5Urfvi8Jd5jbANNytOGI%2B2x4fs%2BxrYLgCMEVf4QvTfSFgh3A%2BrUw5z4E3b1rEmJC1rkmTyg2lsL3kb7Nh%2FKjoGmHUxzfMfA%3D%3D","environmentVariables":{"FIREBASE_CONFIG":"{\"projectId\":\"project-35f78\",\"databaseURL\":\"https://project-35f78-default-rtdb.europe-west1.firebasedatabase.app\",\"storageBucket\":\"project-35f78.appspot.com\",\"locationId\":\"europe-west\"}"},"runtime":"nodejs10","ingressSettings":"ALLOW_ALL","buildId":"0a2fcd5a-9dab-4412-bb6b-5f8311aeff5d"},"versionId":"11","updateTime":"2021-04-25T20:38:39Z"}}
[debug] [2021-04-25T20:38:41.599Z] [update-projects/project-35f78/locations/us-central1/functions/api] Retrying task index 0
[debug] [2021-04-25T20:38:41.599Z] >>> [apiv2][query] GET https://cloudfunctions.googleapis.com/v1/operations/cHJvamVjdC0zNWY3OC91cy1jZW50cmFsMS9hcGkvX0pRYW5QbnVkQU0 [none]
[debug] [2021-04-25T20:38:41.824Z] <<< [apiv2][status] GET https://cloudfunctions.googleapis.com/v1/operations/cHJvamVjdC0zNWY3OC91cy1jZW50cmFsMS9hcGkvX0pRYW5QbnVkQU0 200
[debug] [2021-04-25T20:38:41.824Z] <<< [apiv2][body] GET https://cloudfunctions.googleapis.com/v1/operations/cHJvamVjdC0zNWY3OC91cy1jZW50cmFsMS9hcGkvX0pRYW5QbnVkQU0 {"name":"operations/cHJvamVjdC0zNWY3OC91cy1jZW50cmFsMS9hcGkvX0pRYW5QbnVkQU0","metadata":{"@type":"type.googleapis.com/google.cloud.functions.v1.OperationMetadataV1","target":"projects/project-35f78/locations/us-central1/functions/api","type":"UPDATE_FUNCTION","request":{"@type":"type.googleapis.com/google.cloud.functions.v1.CloudFunction","name":"projects/project-35f78/locations/us-central1/functions/api","httpsTrigger":{},"status":"ACTIVE","entryPoint":"api","timeout":"60s","availableMemoryMb":256,"serviceAccountEmail":"project-35f78@appspot.gserviceaccount.com","updateTime":"2021-04-25T20:31:43.141Z","versionId":"10","labels":{"deployment-tool":"cli-firebase"},"sourceUploadUrl":"https://storage.googleapis.com/gcf-upload-us-central1-544a250a-b2c4-43d4-b2b3-642fab059e61/20a1f720-1357-436d-8886-9e0b526bda19.zip?GoogleAccessId=service-374116051238@gcf-admin-robot.iam.gserviceaccount.com&Expires=1619384912&Signature=qLCG77PMywKxpYhlTgAc%2FCoR%2BtWX1CJFrW5FpvSSDuG5T%2BktGLPRxEsPUcnvbC%2FlMrlonm3CY9pkULg5O%2Bt218rNInI%2BK6nSPjkTbTN2T1byaB4xkKR%2FuCZkFmRQYpdUt61GeIJuOiNPfTnf3B9tv7l1TEJdXchDt%2FuOs8lIBzP8JZdyhwss4eKAK%2BZSzhDqnh62LCxh03trp15Y6g8rp%2FcvL6rRSn9UDcOL0QnC1OSVdz%2BBFqBn0go5Urfvi8Jd5jbANNytOGI%2B2x4fs%2BxrYLgCMEVf4QvTfSFgh3A%2BrUw5z4E3b1rEmJC1rkmTyg2lsL3kb7Nh%2FKjoGmHUxzfMfA%3D%3D","environmentVariables":{"FIREBASE_CONFIG":"{\"projectId\":\"project-35f78\",\"databaseURL\":\"https://project-35f78-default-rtdb.europe-west1.firebasedatabase.app\",\"storageBucket\":\"project-35f78.appspot.com\",\"locationId\":\"europe-west\"}"},"runtime":"nodejs10","ingressSettings":"ALLOW_ALL","buildId":"0a2fcd5a-9dab-4412-bb6b-5f8311aeff5d"},"versionId":"11","updateTime":"2021-04-25T20:38:39Z","buildId":"1b0fd04d-7b4b-462f-a7d7-5f49d92663a2"}}
[debug] [2021-04-25T20:38:43.824Z] [update-projects/project-35f78/locations/us-central1/functions/api] Retrying task index 0
[debug] [2021-04-25T20:38:43.825Z] >>> [apiv2][query] GET https://cloudfunctions.googleapis.com/v1/operations/cHJvamVjdC0zNWY3OC91cy1jZW50cmFsMS9hcGkvX0pRYW5QbnVkQU0 [none]
[debug] [2021-04-25T20:38:44.053Z] <<< [apiv2][status] GET https://cloudfunctions.googleapis.com/v1/operations/cHJvamVjdC0zNWY3OC91cy1jZW50cmFsMS9hcGkvX0pRYW5QbnVkQU0 200
[debug] [2021-04-25T20:38:44.053Z] <<< [apiv2][body] GET https://cloudfunctions.googleapis.com/v1/operations/cHJvamVjdC0zNWY3OC91cy1jZW50cmFsMS9hcGkvX0pRYW5QbnVkQU0 {"name":"operations/cHJvamVjdC0zNWY3OC91cy1jZW50cmFsMS9hcGkvX0pRYW5QbnVkQU0","metadata":{"@type":"type.googleapis.com/google.cloud.functions.v1.OperationMetadataV1","target":"projects/project-35f78/locations/us-central1/functions/api","type":"UPDATE_FUNCTION","request":{"@type":"type.googleapis.com/google.cloud.functions.v1.CloudFunction","name":"projects/project-35f78/locations/us-central1/functions/api","httpsTrigger":{},"status":"ACTIVE","entryPoint":"api","timeout":"60s","availableMemoryMb":256,"serviceAccountEmail":"project-35f78@appspot.gserviceaccount.com","updateTime":"2021-04-25T20:31:43.141Z","versionId":"10","labels":{"deployment-tool":"cli-firebase"},"sourceUploadUrl":"https://storage.googleapis.com/gcf-upload-us-central1-544a250a-b2c4-43d4-b2b3-642fab059e61/20a1f720-1357-436d-8886-9e0b526bda19.zip?GoogleAccessId=service-374116051238@gcf-admin-robot.iam.gserviceaccount.com&Expires=1619384912&Signature=qLCG77PMywKxpYhlTgAc%2FCoR%2BtWX1CJFrW5FpvSSDuG5T%2BktGLPRxEsPUcnvbC%2FlMrlonm3CY9pkULg5O%2Bt218rNInI%2BK6nSPjkTbTN2T1byaB4xkKR%2FuCZkFmRQYpdUt61GeIJuOiNPfTnf3B9tv7l1TEJdXchDt%2FuOs8lIBzP8JZdyhwss4eKAK%2BZSzhDqnh62LCxh03trp15Y6g8rp%2FcvL6rRSn9UDcOL0QnC1OSVdz%2BBFqBn0go5Urfvi8Jd5jbANNytOGI%2B2x4fs%2BxrYLgCMEVf4QvTfSFgh3A%2BrUw5z4E3b1rEmJC1rkmTyg2lsL3kb7Nh%2FKjoGmHUxzfMfA%3D%3D","environmentVariables":{"FIREBASE_CONFIG":"{\"projectId\":\"project-35f78\",\"databaseURL\":\"https://project-35f78-default-rtdb.europe-west1.firebasedatabase.app\",\"storageBucket\":\"project-35f78.appspot.com\",\"locationId\":\"europe-west\"}"},"runtime":"nodejs10","ingressSettings":"ALLOW_ALL","buildId":"0a2fcd5a-9dab-4412-bb6b-5f8311aeff5d"},"versionId":"11","updateTime":"2021-04-25T20:38:39Z","buildId":"1b0fd04d-7b4b-462f-a7d7-5f49d92663a2"}}
[debug] [2021-04-25T20:38:48.054Z] [update-projects/project-35f78/locations/us-central1/functions/api] Retrying task index 0
[debug] [2021-04-25T20:38:48.054Z] >>> [apiv2][query] GET https://cloudfunctions.googleapis.com/v1/operations/cHJvamVjdC0zNWY3OC91cy1jZW50cmFsMS9hcGkvX0pRYW5QbnVkQU0 [none]
[debug] [2021-04-25T20:38:48.280Z] <<< [apiv2][status] GET https://cloudfunctions.googleapis.com/v1/operations/cHJvamVjdC0zNWY3OC91cy1jZW50cmFsMS9hcGkvX0pRYW5QbnVkQU0 200
[debug] [2021-04-25T20:38:48.280Z] <<< [apiv2][body] GET https://cloudfunctions.googleapis.com/v1/operations/cHJvamVjdC0zNWY3OC91cy1jZW50cmFsMS9hcGkvX0pRYW5QbnVkQU0 {"name":"operations/cHJvamVjdC0zNWY3OC91cy1jZW50cmFsMS9hcGkvX0pRYW5QbnVkQU0","metadata":{"@type":"type.googleapis.com/google.cloud.functions.v1.OperationMetadataV1","target":"projects/project-35f78/locations/us-central1/functions/api","type":"UPDATE_FUNCTION","request":{"@type":"type.googleapis.com/google.cloud.functions.v1.CloudFunction","name":"projects/project-35f78/locations/us-central1/functions/api","httpsTrigger":{},"status":"ACTIVE","entryPoint":"api","timeout":"60s","availableMemoryMb":256,"serviceAccountEmail":"project-35f78@appspot.gserviceaccount.com","updateTime":"2021-04-25T20:31:43.141Z","versionId":"10","labels":{"deployment-tool":"cli-firebase"},"sourceUploadUrl":"https://storage.googleapis.com/gcf-upload-us-central1-544a250a-b2c4-43d4-b2b3-642fab059e61/20a1f720-1357-436d-8886-9e0b526bda19.zip?GoogleAccessId=service-374116051238@gcf-admin-robot.iam.gserviceaccount.com&Expires=1619384912&Signature=qLCG77PMywKxpYhlTgAc%2FCoR%2BtWX1CJFrW5FpvSSDuG5T%2BktGLPRxEsPUcnvbC%2FlMrlonm3CY9pkULg5O%2Bt218rNInI%2BK6nSPjkTbTN2T1byaB4xkKR%2FuCZkFmRQYpdUt61GeIJuOiNPfTnf3B9tv7l1TEJdXchDt%2FuOs8lIBzP8JZdyhwss4eKAK%2BZSzhDqnh62LCxh03trp15Y6g8rp%2FcvL6rRSn9UDcOL0QnC1OSVdz%2BBFqBn0go5Urfvi8Jd5jbANNytOGI%2B2x4fs%2BxrYLgCMEVf4QvTfSFgh3A%2BrUw5z4E3b1rEmJC1rkmTyg2lsL3kb7Nh%2FKjoGmHUxzfMfA%3D%3D","environmentVariables":{"FIREBASE_CONFIG":"{\"projectId\":\"project-35f78\",\"databaseURL\":\"https://project-35f78-default-rtdb.europe-west1.firebasedatabase.app\",\"storageBucket\":\"project-35f78.appspot.com\",\"locationId\":\"europe-west\"}"},"runtime":"nodejs10","ingressSettings":"ALLOW_ALL","buildId":"0a2fcd5a-9dab-4412-bb6b-5f8311aeff5d"},"versionId":"11","updateTime":"2021-04-25T20:38:39Z","buildId":"1b0fd04d-7b4b-462f-a7d7-5f49d92663a2"}}
[debug] [2021-04-25T20:38:56.281Z] [update-projects/project-35f78/locations/us-central1/functions/api] Retrying task index 0
[debug] [2021-04-25T20:38:56.281Z] >>> [apiv2][query] GET https://cloudfunctions.googleapis.com/v1/operations/cHJvamVjdC0zNWY3OC91cy1jZW50cmFsMS9hcGkvX0pRYW5QbnVkQU0 [none]
[debug] [2021-04-25T20:38:56.500Z] <<< [apiv2][status] GET https://cloudfunctions.googleapis.com/v1/operations/cHJvamVjdC0zNWY3OC91cy1jZW50cmFsMS9hcGkvX0pRYW5QbnVkQU0 200
[debug] [2021-04-25T20:38:56.501Z] <<< [apiv2][body] GET https://cloudfunctions.googleapis.com/v1/operations/cHJvamVjdC0zNWY3OC91cy1jZW50cmFsMS9hcGkvX0pRYW5QbnVkQU0 {"name":"operations/cHJvamVjdC0zNWY3OC91cy1jZW50cmFsMS9hcGkvX0pRYW5QbnVkQU0","metadata":{"@type":"type.googleapis.com/google.cloud.functions.v1.OperationMetadataV1","target":"projects/project-35f78/locations/us-central1/functions/api","type":"UPDATE_FUNCTION","request":{"@type":"type.googleapis.com/google.cloud.functions.v1.CloudFunction","name":"projects/project-35f78/locations/us-central1/functions/api","httpsTrigger":{},"status":"ACTIVE","entryPoint":"api","timeout":"60s","availableMemoryMb":256,"serviceAccountEmail":"project-35f78@appspot.gserviceaccount.com","updateTime":"2021-04-25T20:31:43.141Z","versionId":"10","labels":{"deployment-tool":"cli-firebase"},"sourceUploadUrl":"https://storage.googleapis.com/gcf-upload-us-central1-544a250a-b2c4-43d4-b2b3-642fab059e61/20a1f720-1357-436d-8886-9e0b526bda19.zip?GoogleAccessId=service-374116051238@gcf-admin-robot.iam.gserviceaccount.com&Expires=1619384912&Signature=qLCG77PMywKxpYhlTgAc%2FCoR%2BtWX1CJFrW5FpvSSDuG5T%2BktGLPRxEsPUcnvbC%2FlMrlonm3CY9pkULg5O%2Bt218rNInI%2BK6nSPjkTbTN2T1byaB4xkKR%2FuCZkFmRQYpdUt61GeIJuOiNPfTnf3B9tv7l1TEJdXchDt%2FuOs8lIBzP8JZdyhwss4eKAK%2BZSzhDqnh62LCxh03trp15Y6g8rp%2FcvL6rRSn9UDcOL0QnC1OSVdz%2BBFqBn0go5Urfvi8Jd5jbANNytOGI%2B2x4fs%2BxrYLgCMEVf4QvTfSFgh3A%2BrUw5z4E3b1rEmJC1rkmTyg2lsL3kb7Nh%2FKjoGmHUxzfMfA%3D%3D","environmentVariables":{"FIREBASE_CONFIG":"{\"projectId\":\"project-35f78\",\"databaseURL\":\"https://project-35f78-default-rtdb.europe-west1.firebasedatabase.app\",\"storageBucket\":\"project-35f78.appspot.com\",\"locationId\":\"europe-west\"}"},"runtime":"nodejs10","ingressSettings":"ALLOW_ALL","buildId":"0a2fcd5a-9dab-4412-bb6b-5f8311aeff5d"},"versionId":"11","updateTime":"2021-04-25T20:38:39Z","buildId":"1b0fd04d-7b4b-462f-a7d7-5f49d92663a2"}}
